2016-05-17 00:01:49.103554 FROM: Anatoliy Ubushan USER_ID: 6581704 MESSAGE: 37
2016-05-17 00:01:52.116149 FROM: Anatoliy Ubushan USER_ID: 6581704 MESSAGE: 1
2016-05-17 00:01:56.274160 FROM: Anatoliy Ubushan USER_ID: 6581704 MESSAGE: 1000
2016-05-17 00:02:00.783892 FROM: Anatoliy Ubushan USER_ID: 6581704 MESSAGE: 20
2016-05-17 00:02:06.641448 FROM: Anatoliy Ubushan USER_ID: 6581704 MESSAGE: 1037
2016-05-17 00:02:12.160844 FROM: Anatoliy Ubushan USER_ID: 6581704 MESSAGE: 1053
2016-05-17 00:02:51.592168 FROM: Anatoliy Ubushan USER_ID: 6581704 MESSAGE: /hotquestions
2016-05-17 00:02:54.075500 FROM: Anatoliy Ubushan USER_ID: 6581704 MESSAGE: /help
2016-05-17 00:02:58.208686 FROM: Anatoliy Ubushan USER_ID: 6581704 MESSAGE: /mailsupport
2016-05-17 00:03:46.754421 FROM: Anatoliy Ubushan USER_ID: 6581704 MESSAGE: 90
2016-05-17 00:03:59.324044 FROM: Anatoliy Ubushan USER_ID: 6581704 MESSAGE: /stop
2016-05-17 00:06:08.220888 FROM: Anatoliy Ubushan USER_ID: 6581704 MESSAGE: 10
2016-05-17 00:06:23.799391 FROM: Anatoliy Ubushan USER_ID: 6581704 MESSAGE: 38
2016-05-17 00:06:56.171438 FROM: Anatoliy Ubushan USER_ID: 6581704 MESSAGE: hello
2016-05-17 00:07:01.620118 FROM: Anatoliy Ubushan USER_ID: 6581704 MESSAGE: start
2016-05-17 00:07:45.460138 FROM: Anatoliy Ubushan USER_ID: 6581704 MESSAGE: win
2016-05-17 00:07:48.451148 FROM: Anatoliy Ubushan USER_ID: 6581704 MESSAGE: windows
2016-05-17 00:08:10.560516 FROM: Anatoliy Ubushan USER_ID: 6581704 MESSAGE: smart
2016-05-17 00:08:21.062784 FROM: Anatoliy Ubushan USER_ID: 6581704 MESSAGE: proverka
2016-05-17 00:08:59.339041 FROM: Anatoliy Ubushan USER_ID: 6581704 MESSAGE: fdsfsd
2016-05-17 00:09:04.173959 FROM: Anatoliy Ubushan USER_ID: 6581704 MESSAGE: bot
2016-05-17 00:09:11.610134 FROM: Anatoliy Ubushan USER_ID: 6581704 MESSAGE: @rutokenbot
2016-05-17 00:09:32.324737 FROM: Anatoliy Ubushan USER_ID: 6581704 MESSAGE: /start
2016-05-17 00:16:02.470624 FROM: Anatoliy Ubushan USER_ID: 6581704 MESSAGE: 37
